<?xml version='1.0' encoding='UTF-8'?>
<testsuite hostname="localhost" name="net.imadz.scheduling.simulation.TruckResourceTest" tests="2" errors="0" failures="0" time="0.144">
                     <properties>
[...]
</properties>
                     <testcase classname="net.imadz.scheduling.simulation.TruckResourceTest" name="truckResource_should_automatic_change_state_and_correctly_resume_to_undeploying_state_with_conditional_transition_recover_on_scala_class" time="0.126">
                                                 
                                               </testcase><testcase classname="net.imadz.scheduling.simulation.TruckResourceTest" name="truckResource_should_automatic_change_state_and_correctly_resume_to_undeploying_state_with_conditional_transition_recover_on_Java_class" time="0.018">
                                                 
                                               </testcase>
                     <system-out></system-out>
                     <system-err></system-err>
                   </testsuite>